<html>
<head>
<title>TestNG:  Default test</title>
<link href="../testng.css" rel="stylesheet" type="text/css" />
<link href="../my-testng.css" rel="stylesheet" type="text/css" />

<style type="text/css">
.log { display: none;} 
.stack-trace { display: none;} 
</style>
<script type="text/javascript">
<!--
function flip(e) {
  current = e.style.display;
  if (current == 'block') {
    e.style.display = 'none';
    return 0;
  }
  else {
    e.style.display = 'block';
    return 1;
  }
}

function toggleBox(szDivId, elem, msg1, msg2)
{
  var res = -1;  if (document.getElementById) {
    res = flip(document.getElementById(szDivId));
  }
  else if (document.all) {
    // this is the way old msie versions work
    res = flip(document.all[szDivId]);
  }
  if(elem) {
    if(res == 0) elem.innerHTML = msg1; else elem.innerHTML = msg2;
  }

}

function toggleAllBoxes() {
  if (document.getElementsByTagName) {
    d = document.getElementsByTagName('div');
    for (i = 0; i < d.length; i++) {
      if (d[i].className == 'log') {
        flip(d[i]);
      }
    }
  }
}

// -->
</script>

</head>
<body>
<h2 align='center'>Default test</h2><table border='1' align="center">
<tr>
<td>Tests passed/Failed/Skipped:</td><td>7/1/0</td>
</tr><tr>
<td>Started on:</td><td>Sat Nov 09 09:36:37 IST 2024</td>
</tr>
<tr><td>Total time:</td><td>115 seconds (115422 ms)</td>
</tr><tr>
<td>Included groups:</td><td></td>
</tr><tr>
<td>Excluded groups:</td><td></td>
</tr>
</table><p/>
<small><i>(Hover the method name to see the test class name)</i></small><p/>
<table width='100%' border='1' class='invocation-failed'>
<tr><td colspan='4' align='center'><b>FAILED TESTS</b></td></tr>
<tr><td><b>Test method</b></td>
<td><b>Attribute(s)</b></td>
<td width="30%"><b>Exception</b></td>
<td width="10%"><b>Time (seconds)</b></td>
<td><b>Instance</b></td>
</tr>
<tr>
<td title='testRunner.AppTest.runScenario()'><b>runScenario</b><br>Test class: testRunner.AppTest<br>Test method: Runs Cucumber Scenarios<br>Parameters: "", ""</td>
<td><div><pre>org.openqa.selenium.ElementClickInterceptedException: element click intercepted: Element &lt;button class=&quot;btn btn-primary ewButton&quot; name=&quot;btnsubmit&quot; id=&quot;btnsubmit&quot; type=&quot;submit&quot;&gt;...&lt;/button&gt; is not clickable at point (392, 184). Other element would receive the click: &lt;div class=&quot;ajs-dialog&quot; tabindex=&quot;0&quot;&gt;...&lt;/div&gt;
  (Session info: chrome=130.0.6723.117)
Build info: version: &apos;4.18.0&apos;, revision: &apos;b6bf9de7cc*&apos;
System info: os.name: &apos;Windows 10&apos;, os.arch: &apos;amd64&apos;, os.version: &apos;10.0&apos;, java.version: &apos;22.0.2&apos;
Driver info: org.openqa.selenium.chrome.ChromeDriver
Command: [9cde63656f348121cb83128435bd8b7a, clickElement {id=f.22E78652FBA5FE8BC7C4EBD4F3C4229A.d.757AC7ECEE5B86E7591935C38F252C6F.e.266}]
Capabilities {acceptInsecureCerts: false, browserName: chrome, browserVersion: 130.0.6723.117, chrome: {chromedriverVersion: 130.0.6723.116 (6ac35f94ae3..., userDataDir: C:\Users\DELL\AppData\Local...}, fedcm:accounts: true, goog:chromeOptions: {debuggerAddress: localhost:58935}, networkConnectionEnabled: false, pageLoadStrategy: normal, platformName: windows, proxy: Proxy(), se:cdp: ws://localhost:58935/devtoo..., se:cdpVersion: 130.0.6723.117, setWindowRect: true, strictFileInteractability: false, timeouts: {implicit: 0, pageLoad: 300000, script: 30000}, unhandledPromptBehavior: dismiss and notify, webauthn:extension:credBlob: true, webauthn:extension:largeBlob: true, webauthn:extension:minPinLength: true, webauthn:extension:prf: true, webauthn:virtualAuthenticators: true}
Element: [[ChromeDriver: chrome on windows (9cde63656f348121cb83128435bd8b7a)] -&gt; xpath: //button[@id=&apos;btnsubmit&apos;]]
Session ID: 9cde63656f348121cb83128435bd8b7a
	at java.base/jdk.internal.reflect.DirectConstructorHandleAccessor.newInstance(DirectConstructorHandleAccessor.java:62)
	at java.base/java.lang.reflect.Constructor.newInstanceWithCaller(Constructor.java:502)
	at java.base/java.lang.reflect.Constructor.newInstance(Constructor.java:486)
	at org.openqa.selenium.remote.ErrorCodec.decode(ErrorCodec.java:167)
	at org.openqa.selenium.remote.codec.w3c.W3CHttpResponseCodec.decode(W3CHttpResponseCodec.java:138)
	at org.openqa.selenium.remote.codec.w3c.W3CHttpResponseCodec.decode(W3CHttpResponseCodec.java:50)
	at org.openqa.selenium.remote.HttpCommandExecutor.execute(HttpCommandExecutor.java:190)
	at org.openqa.selenium.remote.service.DriverCommandExecutor.invokeExecute(DriverCommandExecutor.java:216)
	at org.openqa.selenium.remote.service.DriverCommandExecutor.execute(DriverCommandExecutor.java:174)
	at org.openqa.selenium.remote.RemoteWebDriver.execute(RemoteWebDriver.java:519)
	at org.openqa.selenium.remote.RemoteWebElement.execute(RemoteWebElement.java:223)
	at org.openqa.selenium.remote.RemoteWebElement.click(RemoteWebElement.java:76)
	at commonFunctions.FunctionLibrary.customerTable(FunctionLibrary.java:195)
	at stepDefination.ERPSteps.verify_CustomerNumber(ERPSteps.java:138)
	at ✽.Verify CustomerNumber(file:FeatureFiles/Supplier.feature:71)
</pre></div><a href='#' onClick='toggleBox("stack-trace654651991", this, "Click to show all stack frames", "Click to hide stack frames")'>Click to show all stack frames</a>
<div class='stack-trace' id='stack-trace654651991'><pre>org.openqa.selenium.ElementClickInterceptedException: element click intercepted: Element &lt;button class=&quot;btn btn-primary ewButton&quot; name=&quot;btnsubmit&quot; id=&quot;btnsubmit&quot; type=&quot;submit&quot;&gt;...&lt;/button&gt; is not clickable at point (392, 184). Other element would receive the click: &lt;div class=&quot;ajs-dialog&quot; tabindex=&quot;0&quot;&gt;...&lt;/div&gt;
  (Session info: chrome=130.0.6723.117)
Build info: version: &apos;4.18.0&apos;, revision: &apos;b6bf9de7cc*&apos;
System info: os.name: &apos;Windows 10&apos;, os.arch: &apos;amd64&apos;, os.version: &apos;10.0&apos;, java.version: &apos;22.0.2&apos;
Driver info: org.openqa.selenium.chrome.ChromeDriver
Command: [9cde63656f348121cb83128435bd8b7a, clickElement {id=f.22E78652FBA5FE8BC7C4EBD4F3C4229A.d.757AC7ECEE5B86E7591935C38F252C6F.e.266}]
Capabilities {acceptInsecureCerts: false, browserName: chrome, browserVersion: 130.0.6723.117, chrome: {chromedriverVersion: 130.0.6723.116 (6ac35f94ae3..., userDataDir: C:\Users\DELL\AppData\Local...}, fedcm:accounts: true, goog:chromeOptions: {debuggerAddress: localhost:58935}, networkConnectionEnabled: false, pageLoadStrategy: normal, platformName: windows, proxy: Proxy(), se:cdp: ws://localhost:58935/devtoo..., se:cdpVersion: 130.0.6723.117, setWindowRect: true, strictFileInteractability: false, timeouts: {implicit: 0, pageLoad: 300000, script: 30000}, unhandledPromptBehavior: dismiss and notify, webauthn:extension:credBlob: true, webauthn:extension:largeBlob: true, webauthn:extension:minPinLength: true, webauthn:extension:prf: true, webauthn:virtualAuthenticators: true}
Element: [[ChromeDriver: chrome on windows (9cde63656f348121cb83128435bd8b7a)] -&gt; xpath: //button[@id=&apos;btnsubmit&apos;]]
Session ID: 9cde63656f348121cb83128435bd8b7a
	at java.base/jdk.internal.reflect.DirectConstructorHandleAccessor.newInstance(DirectConstructorHandleAccessor.java:62)
	at java.base/java.lang.reflect.Constructor.newInstanceWithCaller(Constructor.java:502)
	at java.base/java.lang.reflect.Constructor.newInstance(Constructor.java:486)
	at org.openqa.selenium.remote.ErrorCodec.decode(ErrorCodec.java:167)
	at org.openqa.selenium.remote.codec.w3c.W3CHttpResponseCodec.decode(W3CHttpResponseCodec.java:138)
	at org.openqa.selenium.remote.codec.w3c.W3CHttpResponseCodec.decode(W3CHttpResponseCodec.java:50)
	at org.openqa.selenium.remote.HttpCommandExecutor.execute(HttpCommandExecutor.java:190)
	at org.openqa.selenium.remote.service.DriverCommandExecutor.invokeExecute(DriverCommandExecutor.java:216)
	at org.openqa.selenium.remote.service.DriverCommandExecutor.execute(DriverCommandExecutor.java:174)
	at org.openqa.selenium.remote.RemoteWebDriver.execute(RemoteWebDriver.java:519)
	at org.openqa.selenium.remote.RemoteWebElement.execute(RemoteWebElement.java:223)
	at org.openqa.selenium.remote.RemoteWebElement.click(RemoteWebElement.java:76)
	at commonFunctions.FunctionLibrary.customerTable(FunctionLibrary.java:195)
	at stepDefination.ERPSteps.verify_CustomerNumber(ERPSteps.java:138)
	at ✽.Verify CustomerNumber(file:FeatureFiles/Supplier.feature:71)
</pre></div></td>
<td>10</td>
<td>testRunner.AppTest@231f98ef</td></tr>
</table><p>
<table width='100%' border='1' class='invocation-passed'>
<tr><td colspan='4' align='center'><b>PASSED TESTS</b></td></tr>
<tr><td><b>Test method</b></td>
<td><b>Attribute(s)</b></td>
<td width="30%"><b>Exception</b></td>
<td width="10%"><b>Time (seconds)</b></td>
<td><b>Instance</b></td>
</tr>
<tr>
<td title='testRunner.AppTest.runScenario()'><b>runScenario</b><br>Test class: testRunner.AppTest<br>Test method: Runs Cucumber Scenarios<br>Parameters: "", ""<br/>
<a href="#Output-752060661" onClick='toggleBox("Output-752060661", this, "Show output", "Hide output");'>Show output</a>

<a href="#Output-752060661" onClick="toggleAllBoxes();">Show all outputs</a>
<div class='log' id="Output-752060661">
Supplier-00000007358        Supplier-00000007358<br/>
Supplier Number Added Success<br/>
</div>
</td>
<td></td>
<td>15</td>
<td>testRunner.AppTest@231f98ef</td></tr>
<tr>
<td title='testRunner.AppTest.runScenario()'><b>runScenario</b><br>Test class: testRunner.AppTest<br>Test method: Runs Cucumber Scenarios<br>Parameters: "", ""<br/>
<a href="#Output-269685385" onClick='toggleBox("Output-269685385", this, "Show output", "Hide output");'>Show output</a>

<a href="#Output-269685385" onClick="toggleAllBoxes();">Show all outputs</a>
<div class='log' id="Output-269685385">
Customer-00000012802         Customer-00000007928<br/>
Customer Number Not Added expected [Customer-00000007928] but found [Customer-00000012802]<br/>
</div>
</td>
<td></td>
<td>13</td>
<td>testRunner.AppTest@231f98ef</td></tr>
<tr>
<td title='testRunner.AppTest.runScenario()'><b>runScenario</b><br>Test class: testRunner.AppTest<br>Test method: Runs Cucumber Scenarios<br>Parameters: "", ""<br/>
<a href="#Output-2084322663" onClick='toggleBox("Output-2084322663", this, "Show output", "Hide output");'>Show output</a>

<a href="#Output-2084322663" onClick="toggleAllBoxes();">Show all outputs</a>
<div class='log' id="Output-2084322663">
Customer-00000012804         Customer-00000012804<br/>
</div>
</td>
<td></td>
<td>13</td>
<td>testRunner.AppTest@231f98ef</td></tr>
<tr>
<td title='testRunner.AppTest.runScenario()'><b>runScenario</b><br>Test class: testRunner.AppTest<br>Test method: Runs Cucumber Scenarios<br>Parameters: "", ""<br/>
<a href="#Output-2070703728" onClick='toggleBox("Output-2070703728", this, "Show output", "Hide output");'>Show output</a>

<a href="#Output-2070703728" onClick="toggleAllBoxes();">Show all outputs</a>
<div class='log' id="Output-2070703728">
Supplier-00000007357        Supplier-00000007357<br/>
Supplier Number Added Success<br/>
</div>
</td>
<td></td>
<td>15</td>
<td>testRunner.AppTest@231f98ef</td></tr>
<tr>
<td title='testRunner.AppTest.runScenario()'><b>runScenario</b><br>Test class: testRunner.AppTest<br>Test method: Runs Cucumber Scenarios<br>Parameters: "", ""<br/>
<a href="#Output-1576408634" onClick='toggleBox("Output-1576408634", this, "Show output", "Hide output");'>Show output</a>

<a href="#Output-1576408634" onClick="toggleAllBoxes();">Show all outputs</a>
<div class='log' id="Output-1576408634">
Supplier-00000007359        Supplier-00000007359<br/>
Supplier Number Added Success<br/>
</div>
</td>
<td></td>
<td>14</td>
<td>testRunner.AppTest@231f98ef</td></tr>
<tr>
<td title='testRunner.AppTest.runScenario()'><b>runScenario</b><br>Test class: testRunner.AppTest<br>Test method: Runs Cucumber Scenarios<br>Parameters: "", ""<br/>
<a href="#Output-888378046" onClick='toggleBox("Output-888378046", this, "Show output", "Hide output");'>Show output</a>

<a href="#Output-888378046" onClick="toggleAllBoxes();">Show all outputs</a>
<div class='log' id="Output-888378046">
Supplier-00000007356        Supplier-00000007356<br/>
Supplier Number Added Success<br/>
</div>
</td>
<td></td>
<td>19</td>
<td>testRunner.AppTest@231f98ef</td></tr>
<tr>
<td title='testRunner.AppTest.runScenario()'><b>runScenario</b><br>Test class: testRunner.AppTest<br>Test method: Runs Cucumber Scenarios<br>Parameters: "", ""<br/>
<a href="#Output-1591107147" onClick='toggleBox("Output-1591107147", this, "Show output", "Hide output");'>Show output</a>

<a href="#Output-1591107147" onClick="toggleAllBoxes();">Show all outputs</a>
<div class='log' id="Output-1591107147">
Customer-00000012803         Customer-00000012803<br/>
</div>
</td>
<td></td>
<td>13</td>
<td>testRunner.AppTest@231f98ef</td></tr>
</table><p>
</body>
</html>