<?xml version="1.0" encoding="UTF-8"?>
<!-- Generated by org.testng.reporters.JUnitReportReporter -->
<testsuite hostname="DESKTOP-9UJCH24" failures="0" tests="8" name="testRunner.AppTest" time="114.495" errors="1" timestamp="2024-11-09T09:38:33 IST" skipped="0">
  <testcase classname="testRunner.AppTest" name="runScenario" time="10.181">
    <error message="element click intercepted: Element &lt;button class=&quot;btn btn-primary ewButton&quot; name=&quot;btnsubmit&quot; id=&quot;btnsubmit&quot; type=&quot;submit&quot;&gt;...&lt;/button&gt; is not clickable at point (392, 184). Other element would receive the click: &lt;div class=&quot;ajs-dialog&quot; tabindex=&quot;0&quot;&gt;...&lt;/div&gt;
  (Session info: chrome=130.0.6723.117)
Build info: version: &#039;4.18.0&#039;, revision: &#039;b6bf9de7cc*&#039;
System info: os.name: &#039;Windows 10&#039;, os.arch: &#039;amd64&#039;, os.version: &#039;10.0&#039;, java.version: &#039;22.0.2&#039;
Driver info: org.openqa.selenium.chrome.ChromeDriver
Command: [9cde63656f348121cb83128435bd8b7a, clickElement {id=f.22E78652FBA5FE8BC7C4EBD4F3C4229A.d.757AC7ECEE5B86E7591935C38F252C6F.e.266}]
Capabilities {acceptInsecureCerts: false, browserName: chrome, browserVersion: 130.0.6723.117, chrome: {chromedriverVersion: 130.0.6723.116 (6ac35f94ae3..., userDataDir: C:\Users\DELL\AppData\Local...}, fedcm:accounts: true, goog:chromeOptions: {debuggerAddress: localhost:58935}, networkConnectionEnabled: false, pageLoadStrategy: normal, platformName: windows, proxy: Proxy(), se:cdp: ws://localhost:58935/devtoo..., se:cdpVersion: 130.0.6723.117, setWindowRect: true, strictFileInteractability: false, timeouts: {implicit: 0, pageLoad: 300000, script: 30000}, unhandledPromptBehavior: dismiss and notify, webauthn:extension:credBlob: true, webauthn:extension:largeBlob: true, webauthn:extension:minPinLength: true, webauthn:extension:prf: true, webauthn:virtualAuthenticators: true}
Element: [[ChromeDriver: chrome on windows (9cde63656f348121cb83128435bd8b7a)] -&gt; xpath: //button[@id=&#039;btnsubmit&#039;]]
Session ID: 9cde63656f348121cb83128435bd8b7a" type="org.openqa.selenium.ElementClickInterceptedException">
      <![CDATA[org.openqa.selenium.ElementClickInterceptedException: element click intercepted: Element <button class="btn btn-primary ewButton" name="btnsubmit" id="btnsubmit" type="submit">...</button> is not clickable at point (392, 184). Other element would receive the click: <div class="ajs-dialog" tabindex="0">...</div>
  (Session info: chrome=130.0.6723.117)
Build info: version: '4.18.0', revision: 'b6bf9de7cc*'
System info: os.name: 'Windows 10', os.arch: 'amd64', os.version: '10.0', java.version: '22.0.2'
Driver info: org.openqa.selenium.chrome.ChromeDriver
Command: [9cde63656f348121cb83128435bd8b7a, clickElement {id=f.22E78652FBA5FE8BC7C4EBD4F3C4229A.d.757AC7ECEE5B86E7591935C38F252C6F.e.266}]
Capabilities {acceptInsecureCerts: false, browserName: chrome, browserVersion: 130.0.6723.117, chrome: {chromedriverVersion: 130.0.6723.116 (6ac35f94ae3..., userDataDir: C:\Users\DELL\AppData\Local...}, fedcm:accounts: true, goog:chromeOptions: {debuggerAddress: localhost:58935}, networkConnectionEnabled: false, pageLoadStrategy: normal, platformName: windows, proxy: Proxy(), se:cdp: ws://localhost:58935/devtoo..., se:cdpVersion: 130.0.6723.117, setWindowRect: true, strictFileInteractability: false, timeouts: {implicit: 0, pageLoad: 300000, script: 30000}, unhandledPromptBehavior: dismiss and notify, webauthn:extension:credBlob: true, webauthn:extension:largeBlob: true, webauthn:extension:minPinLength: true, webauthn:extension:prf: true, webauthn:virtualAuthenticators: true}
Element: [[ChromeDriver: chrome on windows (9cde63656f348121cb83128435bd8b7a)] -> xpath: //button[@id='btnsubmit']]
Session ID: 9cde63656f348121cb83128435bd8b7a
at java.base/jdk.internal.reflect.DirectConstructorHandleAccessor.newInstance(DirectConstructorHandleAccessor.java:62)
at java.base/java.lang.reflect.Constructor.newInstanceWithCaller(Constructor.java:502)
at java.base/java.lang.reflect.Constructor.newInstance(Constructor.java:486)
at org.openqa.selenium.remote.ErrorCodec.decode(ErrorCodec.java:167)
at org.openqa.selenium.remote.codec.w3c.W3CHttpResponseCodec.decode(W3CHttpResponseCodec.java:138)
at org.openqa.selenium.remote.codec.w3c.W3CHttpResponseCodec.decode(W3CHttpResponseCodec.java:50)
at org.openqa.selenium.remote.HttpCommandExecutor.execute(HttpCommandExecutor.java:190)
at org.openqa.selenium.remote.service.DriverCommandExecutor.invokeExecute(DriverCommandExecutor.java:216)
at org.openqa.selenium.remote.service.DriverCommandExecutor.execute(DriverCommandExecutor.java:174)
at org.openqa.selenium.remote.RemoteWebDriver.execute(RemoteWebDriver.java:519)
at org.openqa.selenium.remote.RemoteWebElement.execute(RemoteWebElement.java:223)
at org.openqa.selenium.remote.RemoteWebElement.click(RemoteWebElement.java:76)
at commonFunctions.FunctionLibrary.customerTable(FunctionLibrary.java:195)
at stepDefination.ERPSteps.verify_CustomerNumber(ERPSteps.java:138)
at âœ½.Verify CustomerNumber(file:FeatureFiles/Supplier.feature:71)
]]>
    </error>
  </testcase> <!-- runScenario -->
  <system-out/>
  <testcase classname="testRunner.AppTest" name="runScenario" time="15.293"/>
  <system-out>
    <![CDATA[Supplier-00000007358        Supplier-00000007358
Supplier Number Added Success]]>
  </system-out>
  <testcase classname="testRunner.AppTest" name="runScenario" time="13.324"/>
  <system-out>
    <![CDATA[Customer-00000012802         Customer-00000007928
Customer Number Not Added expected [Customer-00000007928] but found [Customer-00000012802]]]>
  </system-out>
  <testcase classname="testRunner.AppTest" name="runScenario" time="13.247"/>
  <system-out>
    <![CDATA[Customer-00000012804         Customer-00000012804]]>
  </system-out>
  <testcase classname="testRunner.AppTest" name="runScenario" time="15.245"/>
  <system-out>
    <![CDATA[Supplier-00000007357        Supplier-00000007357
Supplier Number Added Success]]>
  </system-out>
  <testcase classname="testRunner.AppTest" name="runScenario" time="14.281"/>
  <system-out>
    <![CDATA[Supplier-00000007359        Supplier-00000007359
Supplier Number Added Success]]>
  </system-out>
  <testcase classname="testRunner.AppTest" name="runScenario" time="19.523"/>
  <system-out>
    <![CDATA[Supplier-00000007356        Supplier-00000007356
Supplier Number Added Success]]>
  </system-out>
  <testcase classname="testRunner.AppTest" name="runScenario" time="13.401"/>
  <system-out>
    <![CDATA[Customer-00000012803         Customer-00000012803]]>
  </system-out>
</testsuite> <!-- testRunner.AppTest -->
